[2m9:48:18 PM[22m [31m[1m[vite][22m[39m [31mhttp proxy error: /api/reports?period=monthly&month=6&year=2026[39m
AggregateError [ECONNREFUSED]: 
    at internalConnectMultiple (node:net:1134:18)
    at afterConnectMultiple (node:net:1715:7)
[2m9:48:18 PM[22m [31m[1m[vite][22m[39m [31mhttp proxy error: /api/reports/trend?months=6[39m
AggregateError [ECONNREFUSED]: 
    at internalConnectMultiple (node:net:1134:18)
    at afterConnectMultiple (node:net:1715:7)
[2m9:48:18 PM[22m [31m[1m[vite][22m[39m [31mhttp proxy error: /api/expenses?page=1&limit=8[39m
AggregateError [ECONNREFUSED]: 
    at internalConnectMultiple (node:net:1134:18)
    at afterConnectMultiple (node:net:1715:7)
[2m9:48:18 PM[22m [31m[1m[vite][22m[39m [31mhttp proxy error: /api/credit-cards/summary[39m
AggregateError [ECONNREFUSED]: 
    at internalConnectMultiple (node:net:1134:18)
    at afterConnectMultiple (node:net:1715:7)
[2m9:48:18 PM[22m [31m[1m[vite][22m[39m [31mhttp proxy error: /api/savings[39m
AggregateError [ECONNREFUSED]: 
    at internalConnectMultiple (node:net:1134:18)
    at afterConnectMultiple (node:net:1715:7)
[2m9:48:18 PM[22m [31m[1m[vite][22m[39m [31mhttp proxy error: /api/balance[39m
AggregateError [ECONNREFUSED]: 
    at internalConnectMultiple (node:net:1134:18)
    at afterConnectMultiple (node:net:1715:7)
[2m9:48:18 PM[22m [31m[1m[vite][22m[39m [31mhttp proxy error: /api/reports?period=monthly&month=6&year=2026[39m
AggregateError [ECONNREFUSED]: 
    at internalConnectMultiple (node:net:1134:18)
    at afterConnectMultiple (node:net:1715:7)
[2m9:48:18 PM[22m [31m[1m[vite][22m[39m [31mhttp proxy error: /api/reports/trend?months=6[39m
AggregateError [ECONNREFUSED]: 
    at internalConnectMultiple (node:net:1134:18)
    at afterConnectMultiple (node:net:1715:7)
[2m9:48:18 PM[22m [31m[1m[vite][22m[39m [31mhttp proxy error: /api/expenses?page=1&limit=8[39m
AggregateError [ECONNREFUSED]: 
    at internalConnectMultiple (node:net:1134:18)
    at afterConnectMultiple (node:net:1715:7)
[2m9:48:18 PM[22m [31m[1m[vite][22m[39m [31mhttp proxy error: /api/credit-cards/summary[39m
AggregateError [ECONNREFUSED]: 
    at internalConnectMultiple (node:net:1134:18)
    at afterConnectMultiple (node:net:1715:7)
[2m9:48:18 PM[22m [31m[1m[vite][22m[39m [31mhttp proxy error: /api/savings[39m
AggregateError [ECONNREFUSED]: 
    at internalConnectMultiple (node:net:1134:18)
    at afterConnectMultiple (node:net:1715:7)
[2m9:48:18 PM[22m [31m[1m[vite][22m[39m [31mhttp proxy error: /api/balance[39m
AggregateError [ECONNREFUSED]: 
    at internalConnectMultiple (node:net:1134:18)
    at afterConnectMultiple (node:net:1715:7)
[2m9:48:19 PM[22m [31m[1m[vite][22m[39m [31mhttp proxy error: /api/category-goals[39m
AggregateError [ECONNREFUSED]: 
    at internalConnectMultiple (node:net:1134:18)
    at afterConnectMultiple (node:net:1715:7)
[2m9:48:19 PM[22m [31m[1m[vite][22m[39m [31mhttp proxy error: /api/category-goals[39m
AggregateError [ECONNREFUSED]: 
    at internalConnectMultiple (node:net:1134:18)
    at afterConnectMultiple (node:net:1715:7)
[2m9:48:19 PM[22m [31m[1m[vite][22m[39m [31mhttp proxy error: /api/reports/trend?months=6[39m
AggregateError [ECONNREFUSED]: 
    at internalConnectMultiple (node:net:1134:18)
    at afterConnectMultiple (node:net:1715:7)
[2m9:48:19 PM[22m [31m[1m[vite][22m[39m [31mhttp proxy error: /api/reports?period=monthly&month=6&year=2026[39m
AggregateError [ECONNREFUSED]: 
    at internalConnectMultiple (node:net:1134:18)
    at afterConnectMultiple (node:net:1715:7)
[2m9:48:19 PM[22m [31m[1m[vite][22m[39m [31mhttp proxy error: /api/expenses?page=1&limit=8[39m
AggregateError [ECONNREFUSED]: 
    at internalConnectMultiple (node:net:1134:18)
    at afterConnectMultiple (node:net:1715:7)
[2m9:48:19 PM[22m [31m[1m[vite][22m[39m [31mhttp proxy error: /api/credit-cards/summary[39m
AggregateError [ECONNREFUSED]: 
    at internalConnectMultiple (node:net:1134:18)
    at afterConnectMultiple (node:net:1715:7)
[2m9:48:19 PM[22m [31m[1m[vite][22m[39m [31mhttp proxy error: /api/savings[39m
AggregateError [ECONNREFUSED]: 
    at internalConnectMultiple (node:net:1134:18)
    at afterConnectMultiple (node:net:1715:7)
[2m9:48:19 PM[22m [31m[1m[vite][22m[39m [31mhttp proxy error: /api/balance[39m
AggregateError [ECONNREFUSED]: 
    at internalConnectMultiple (node:net:1134:18)
    at afterConnectMultiple (node:net:1715:7)
[2m9:48:19 PM[22m [31m[1m[vite][22m[39m [31mhttp proxy error: /api/reports/trend?months=6[39m
AggregateError [ECONNREFUSED]: 
    at internalConnectMultiple (node:net:1134:18)
    at afterConnectMultiple (node:net:1715:7)
[2m9:48:19 PM[22m [31m[1m[vite][22m[39m [31mhttp proxy error: /api/reports?period=monthly&month=6&year=2026[39m
AggregateError [ECONNREFUSED]: 
    at internalConnectMultiple (node:net:1134:18)
    at afterConnectMultiple (node:net:1715:7)
[2m9:48:19 PM[22m [31m[1m[vite][22m[39m [31mhttp proxy error: /api/expenses?page=1&limit=8[39m
AggregateError [ECONNREFUSED]: 
    at internalConnectMultiple (node:net:1134:18)
    at afterConnectMultiple (node:net:1715:7)
[2m9:48:19 PM[22m [31m[1m[vite][22m[39m [31mhttp proxy error: /api/credit-cards/summary[39m
AggregateError [ECONNREFUSED]: 
    at internalConnectMultiple (node:net:1134:18)
    at afterConnectMultiple (node:net:1715:7)
[2m9:48:19 PM[22m [31m[1m[vite][22m[39m [31mhttp proxy error: /api/savings[39m
AggregateError [ECONNREFUSED]: 
    at internalConnectMultiple (node:net:1134:18)
    at afterConnectMultiple (node:net:1715:7)
[2m9:48:19 PM[22m [31m[1m[vite][22m[39m [31mhttp proxy error: /api/balance[39m
AggregateError [ECONNREFUSED]: 
    at internalConnectMultiple (node:net:1134:18)
    at afterConnectMultiple (node:net:1715:7)
[2m9:48:19 PM[22m [31m[1m[vite][22m[39m [31mhttp proxy error: /api/category-goals[39m
AggregateError [ECONNREFUSED]: 
    at internalConnectMultiple (node:net:1134:18)
    at afterConnectMultiple (node:net:1715:7)
[2m9:48:19 PM[22m [31m[1m[vite][22m[39m [31mhttp proxy error: /api/category-goals[39m
AggregateError [ECONNREFUSED]: 
    at internalConnectMultiple (node:net:1134:18)
    at afterConnectMultiple (node:net:1715:7)
[2m11:28:03 PM[22m [31m[1m[vite][22m[39m [31mInternal server error: Failed to resolve import "./pages/Transfers" from "src/App.jsx". Does the file exist?[39m
  Plugin: [35mvite:import-analysis[39m
  File: [36mD:/Nandu/projects/dhanam-tracker/frontend/src/App.jsx[39m:13:22
[33m  27 |  import Reports from "./pages/Reports";
  28 |  import Savings from "./pages/Savings";
  29 |  import Transfers from "./pages/Transfers";
     |                         ^
  30 |  import Users from "./pages/Users";
  31 |  export default function App() {[39m
      at TransformPluginContext._formatError (file:///D:/Nandu/projects/dhanam-tracker/frontend/node_modules/vite/dist/node/chunks/dep-BK3b2jBa.js:49258:41)
      at TransformPluginContext.error (file:///D:/Nandu/projects/dhanam-tracker/frontend/node_modules/vite/dist/node/chunks/dep-BK3b2jBa.js:49253:16)
      at normalizeUrl (file:///D:/Nandu/projects/dhanam-tracker/frontend/node_modules/vite/dist/node/chunks/dep-BK3b2jBa.js:64307:23)
      at process.processTicksAndRejections (node:internal/process/task_queues:105:5)
      at async file:///D:/Nandu/projects/dhanam-tracker/frontend/node_modules/vite/dist/node/chunks/dep-BK3b2jBa.js:64439:39
      at async Promise.all (index 15)
      at async TransformPluginContext.transform (file:///D:/Nandu/projects/dhanam-tracker/frontend/node_modules/vite/dist/node/chunks/dep-BK3b2jBa.js:64366:7)
      at async PluginContainer.transform (file:///D:/Nandu/projects/dhanam-tracker/frontend/node_modules/vite/dist/node/chunks/dep-BK3b2jBa.js:49099:18)
      at async loadAndTransform (file:///D:/Nandu/projects/dhanam-tracker/frontend/node_modules/vite/dist/node/chunks/dep-BK3b2jBa.js:51978:27)
      at async viteTransformMiddleware (file:///D:/Nandu/projects/dhanam-tracker/frontend/node_modules/vite/dist/node/chunks/dep-BK3b2jBa.js:62106:24)
